2023-02-23 09:08:16 monitor.py --> monitor [line:85] [INFO]: 系统性能定时监控如下：
|-------------------|------------|-----------------|------------------|----------------------------|
|     监控时间      |  CPU使用率 |    内存使用率   |    硬盘使用率    |         网络收发量         |
|                   | (共4核CPU) | (总计15.92G内存) | (总计117.29G硬盘) |                            |
|-------------------|------------|-----------------|------------------|----------------------------|
|2023-02-23 09:08:16|   13.60%   |      78.80%     |      66.50%      |     收: 0.14G/发: 0.02G    |
|-------------------|------------|-----------------|------------------|----------------------------|

2023-02-23 09:09:38 monitor.py --> monitor [line:85] [INFO]: 系统性能定时监控如下：
|-------------------|------------|-----------------|------------------|----------------------------|
|     监控时间      |  CPU使用率 |    内存使用率   |    硬盘使用率    |         网络收发量         |
|                   | (共4核CPU) | (总计15.92G内存) | (总计117.29G硬盘) |                            |
|-------------------|------------|-----------------|------------------|----------------------------|
|2023-02-23 09:09:38|   55.80%   |      77.40%     |      66.50%      |     收: 0.14G/发: 0.02G    |
|-------------------|------------|-----------------|------------------|----------------------------|

2023-02-23 09:11:15 monitor.py --> monitor [line:85] [INFO]: 系统性能定时监控如下：
|-------------------|------------|-----------------|------------------|----------------------------|
|     监控时间      |  CPU使用率 |    内存使用率   |    硬盘使用率    |         网络收发量         |
|                   | (共4核CPU) | (总计15.92G内存) | (总计117.29G硬盘) |                            |
|-------------------|------------|-----------------|------------------|----------------------------|
|2023-02-23 09:11:15|   11.30%   |      76.50%     |      66.50%      |     收: 0.14G/发: 0.02G    |
|-------------------|------------|-----------------|------------------|----------------------------|

2023-02-23 09:11:24 monitor.py --> monitor [line:85] [INFO]: 系统性能定时监控如下：
|-------------------|------------|-----------------|------------------|----------------------------|
|     监控时间      |  CPU使用率 |    内存使用率   |    硬盘使用率    |         网络收发量         |
|                   | (共4核CPU) | (总计15.92G内存) | (总计117.29G硬盘) |                            |
|-------------------|------------|-----------------|------------------|----------------------------|
|2023-02-23 09:11:24|   16.50%   |      76.60%     |      66.50%      |     收: 0.14G/发: 0.02G    |
|-------------------|------------|-----------------|------------------|----------------------------|

2023-02-23 09:14:44 monitor.py --> monitor [line:85] [INFO]: 系统性能定时监控如下：
|-------------------|------------|-----------------|------------------|----------------------------|
|     监控时间      |  CPU使用率 |    内存使用率   |    硬盘使用率    |         网络收发量         |
|                   | (共4核CPU) | (总计15.92G内存) | (总计117.29G硬盘) |                            |
|-------------------|------------|-----------------|------------------|----------------------------|
|2023-02-23 09:14:44|   10.40%   |      69.60%     |      66.60%      |     收: 0.14G/发: 0.02G    |
|-------------------|------------|-----------------|------------------|----------------------------|

2023-02-23 09:16:42 monitor.py --> monitor [line:85] [INFO]: 系统性能定时监控如下：
|-------------------|------------|-----------------|------------------|----------------------------|
|     监控时间      |  CPU使用率 |    内存使用率   |    硬盘使用率    |         网络收发量         |
|                   | (共4核CPU) | (总计15.92G内存) | (总计117.29G硬盘) |                            |
|-------------------|------------|-----------------|------------------|----------------------------|
|2023-02-23 09:16:42|   18.90%   |      69.80%     |      66.60%      |     收: 0.20G/发: 0.02G    |
|-------------------|------------|-----------------|------------------|----------------------------|

2023-02-23 09:17:22 monitor.py --> monitor [line:85] [INFO]: 系统性能定时监控如下：
|-------------------|------------|-----------------|------------------|----------------------------|
|     监控时间      |  CPU使用率 |    内存使用率   |    硬盘使用率    |         网络收发量         |
|                   | (共4核CPU) | (总计15.92G内存) | (总计117.29G硬盘) |                            |
|-------------------|------------|-----------------|------------------|----------------------------|
|2023-02-23 09:17:22|   12.70%   |      69.80%     |      66.60%      |     收: 0.21G/发: 0.02G    |
|-------------------|------------|-----------------|------------------|----------------------------|

2023-02-23 09:17:30 monitor.py --> monitor [line:85] [INFO]: 系统性能定时监控如下：
|-------------------|------------|-----------------|------------------|----------------------------|
|     监控时间      |  CPU使用率 |    内存使用率   |    硬盘使用率    |         网络收发量         |
|                   | (共4核CPU) | (总计15.92G内存) | (总计117.29G硬盘) |                            |
|-------------------|------------|-----------------|------------------|----------------------------|
|2023-02-23 09:17:30|   17.70%   |      69.80%     |      66.60%      |     收: 0.21G/发: 0.02G    |
|-------------------|------------|-----------------|------------------|----------------------------|

2023-02-23 09:22:02 monitor.py --> monitor [line:85] [INFO]: 系统性能定时监控如下：
|-------------------|------------|-----------------|------------------|----------------------------|
|     监控时间      |  CPU使用率 |    内存使用率   |    硬盘使用率    |         网络收发量         |
|                   | (共4核CPU) | (总计15.92G内存) | (总计117.29G硬盘) |                            |
|-------------------|------------|-----------------|------------------|----------------------------|
|2023-02-23 09:22:02|   37.20%   |      66.50%     |      66.60%      |     收: 0.21G/发: 0.02G    |
|-------------------|------------|-----------------|------------------|----------------------------|

2023-02-23 09:22:10 monitor.py --> monitor [line:85] [INFO]: 系统性能定时监控如下：
|-------------------|------------|-----------------|------------------|----------------------------|
|     监控时间      |  CPU使用率 |    内存使用率   |    硬盘使用率    |         网络收发量         |
|                   | (共4核CPU) | (总计15.92G内存) | (总计117.29G硬盘) |                            |
|-------------------|------------|-----------------|------------------|----------------------------|
|2023-02-23 09:22:10|   15.20%   |      66.70%     |      66.60%      |     收: 0.21G/发: 0.02G    |
|-------------------|------------|-----------------|------------------|----------------------------|

